VT =  0.025000
BFN =  178.70
VAFN =  69.700
RE1 =  100
RC1 =  200
RB1 =  60000
RB2 =  30000
VBEON =  0.70000
VCC =  12
RS =  100
Vin =  1
Ci =  0.0010000
Co =  0.0010000
RB =  20000
VEQ =  4
IB1 =  0.000086911
IC1 =  0.015531
IE1 =  0.015618
VE1 =  1.5618
VO1 =  8.8938
VCE =  7.3320
gm1 =  0.62124
rpi1 =  287.65
ro1 =  4487.8
RSB =  99.502
AV1 = -1.9338
AVI_DB =  5.7282
AV1simple =  1.9585
AVIsimple_DB =  5.8386
RE1 = 0
AV1 = -87.937
AVI_DB =  38.883
AV1simple = -123.63
AVIsimple_DB =  41.842
RE1 =  100
ZI1 =  9228.7
ZX =  169191.29082
ZX =  169191.29082
ZO1 =  199.76
RE1 = 0
ZI1 =  283.57
ZO1 =  191.47
BFP =  227.30
VAFP =  37.200
RE2 =  200
VEBON =  0.70000
VI2 =  8.8938
IE2 =  0.012031
IC2 =  0.011978
VO2 =  9.5938
gm2 =  0.47913
go2 =  0.00032200
gpi2 =  0.0021079
ge2 =  0.0050000
AV2 =  0.98473
ZI2 =  31066.94741
ZO2 =  2.0552
gB =  0.0015018
AV = -86.592
AV_DB =  38.750
ZI =  283.57
ZO =  2.8721
Zi =  283.57
Zo =  2.8721
Zi1 =  283.57
Zo1 =  191.47
Zi2 =  31066.94741
Zo2 =  2.0552
Gain =  86.592
Gain1 =  87.937
Gain2 =  0.98473
Vbase =  4
Vcoll =  8.8938
Vemit =  1.5618
Vemit2 =  9.5938
Vin = 0
Vin2 = 0
Vout = 0
Vvcc =  12
